16:00:43 **** Build of configuration Debug for project 04_heapSort ****
Info: Configuration "Debug" uses tool-chain "Cygwin GCC" that is unsupported on this system, attempting to build anyway.
make all 
make: Warning: File 'objects.mk' has modification time 2.8 s in the future
Building file: ../src/heap.cpp
Invoking: Cygwin C++ Compiler
g++ -O0 -g3 -Wall -c -fmessage-length=0 -MMD -MP -MF"src/heap.d" -MT"src/heap.o" -o "src/heap.o" "../src/heap.cpp"
../src/heap.cpp: In member function ‘int maosikar::Heap::extract()’:
../src/heap.cpp:87:6: warning: unused variable ‘temp’ [-Wunused-variable]
  int temp =  m_data->at(0);
      ^~~~
../src/heap.cpp:139:1: warning: control reaches end of non-void function [-Wreturn-type]
 }
 ^
Finished building: ../src/heap.cpp
 
Building file: ../src/main.cpp
Invoking: Cygwin C++ Compiler
g++ -O0 -g3 -Wall -c -fmessage-length=0 -MMD -MP -MF"src/main.d" -MT"src/main.o" -o "src/main.o" "../src/main.cpp"
../src/main.cpp: In function ‘int main(int, char**)’:
../src/main.cpp:30:14: warning: typedef ‘dtype’ locally defined but not used [-Wunused-local-typedefs]
  typedef int dtype;
              ^~~~~
Finished building: ../src/main.cpp
 
Building target: 04_heapSort.exe
Invoking: Cygwin C++ Linker
g++  -o "04_heapSort.exe"  ./src/heap.o ./src/main.o   
Finished building target: 04_heapSort.exe
 
make: warning:  Clock skew detected.  Your build may be incomplete.
16:01:01 **** Incremental Build of configuration Debug for project 04_heapSort ****
Info: Configuration "Debug" uses tool-chain "Cygwin GCC" that is unsupported on this system, attempting to build anyway.
make all 
make: Warning: File 'src/subdir.mk' has modification time 2.8 s in the future
make: warning:  Clock skew detected.  Your build may be incomplete.
make: Nothing to be done for 'all'.
16:01:15 **** Incremental Build of configuration Debug for project 04_heapSort ****
Info: Configuration "Debug" uses tool-chain "Cygwin GCC" that is unsupported on this system, attempting to build anyway.
make all 
make: Warning: File 'src/subdir.mk' has modification time 2.8 s in the future
make: Nothing to be done for 'all'.
make: warning:  Clock skew detected.  Your build may be incomplete.
16:07:35 **** Incremental Build of configuration Debug for project 04_heapSort ****
Info: Configuration "Debug" uses tool-chain "Cygwin GCC" that is unsupported on this system, attempting to build anyway.
make all 
make: Warning: File 'src/subdir.mk' has modification time 2.6 s in the future
Building file: ../src/heap.cpp
Invoking: Cygwin C++ Compiler
g++ -O0 -g3 -Wall -c -fmessage-length=0 -MMD -MP -MF"src/heap.d" -MT"src/heap.o" -o "src/heap.o" "../src/heap.cpp"
../src/heap.cpp: In member function ‘int maosikar::Heap::extract()’:
../src/heap.cpp:87:6: warning: unused variable ‘temp’ [-Wunused-variable]
  int temp =  m_data->at(0);
      ^~~~
../src/heap.cpp:139:1: warning: control reaches end of non-void function [-Wreturn-type]
 }
 ^
Finished building: ../src/heap.cpp
 
Building target: 04_heapSort.exe
Invoking: Cygwin C++ Linker
g++  -o "04_heapSort.exe"  ./src/heap.o ./src/main.o   
/usr/bin/ld: cannot open output file 04_heapSort.exe: Text file busy
makefile:45: recipe for target '04_heapSort.exe' failed
collect2: error: ld returned 1 exit status
make: *** [04_heapSort.exe] Error 1
"make all" terminated with exit code 2. Build might be incomplete.
16:07:51 **** Incremental Build of configuration Debug for project 04_heapSort ****
Info: Configuration "Debug" uses tool-chain "Cygwin GCC" that is unsupported on this system, attempting to build anyway.
make all 
make: Warning: File 'src/subdir.mk' has modification time 2.6 s in the future
Building target: 04_heapSort.exe
Invoking: Cygwin C++ Linker
g++  -o "04_heapSort.exe"  ./src/heap.o ./src/main.o   
Finished building target: 04_heapSort.exe
 
make: warning:  Clock skew detected.  Your build may be incomplete.
16:08:35 **** Incremental Build of configuration Debug for project 04_heapSort ****
Info: Configuration "Debug" uses tool-chain "Cygwin GCC" that is unsupported on this system, attempting to build anyway.
make all 
make: Warning: File 'src/subdir.mk' has modification time 2.5 s in the future
Building file: ../src/heap.cpp
Invoking: Cygwin C++ Compiler
g++ -O0 -g3 -Wall -c -fmessage-length=0 -MMD -MP -MF"src/heap.d" -MT"src/heap.o" -o "src/heap.o" "../src/heap.cpp"
../src/heap.cpp: In member function ‘int maosikar::Heap::extract()’:
../src/heap.cpp:87:6: warning: unused variable ‘temp’ [-Wunused-variable]
  int temp =  m_data->at(0);
      ^~~~
../src/heap.cpp:139:1: warning: control reaches end of non-void function [-Wreturn-type]
 }
 ^
Finished building: ../src/heap.cpp
 
Building target: 04_heapSort.exe
Invoking: Cygwin C++ Linker
g++  -o "04_heapSort.exe"  ./src/heap.o ./src/main.o   
Finished building target: 04_heapSort.exe
 
make: warning:  Clock skew detected.  Your build may be incomplete.
16:08:46 **** Incremental Build of configuration Debug for project 04_heapSort ****
Info: Configuration "Debug" uses tool-chain "Cygwin GCC" that is unsupported on this system, attempting to build anyway.
make all 
make: Warning: File 'src/subdir.mk' has modification time 2.5 s in the future
make: Nothing to be done for 'all'.
make: warning:  Clock skew detected.  Your build may be incomplete.
16:09:02 **** Incremental Build of configuration Debug for project 04_heapSort ****
Info: Configuration "Debug" uses tool-chain "Cygwin GCC" that is unsupported on this system, attempting to build anyway.
make all 
make: Warning: File 'src/subdir.mk' has modification time 2.5 s in the future
make: warning:  Clock skew detected.  Your build may be incomplete.
make: Nothing to be done for 'all'.
16:11:25 **** Incremental Build of configuration Debug for project 04_heapSort ****
Info: Configuration "Debug" uses tool-chain "Cygwin GCC" that is unsupported on this system, attempting to build anyway.
make all 
make: Warning: File 'src/subdir.mk' has modification time 2.5 s in the future
Building file: ../src/heap.cpp
Invoking: Cygwin C++ Compiler
g++ -O0 -g3 -Wall -c -fmessage-length=0 -MMD -MP -MF"src/heap.d" -MT"src/heap.o" -o "src/heap.o" "../src/heap.cpp"
../src/heap.cpp: In member function ‘int maosikar::Heap::extract()’:
../src/heap.cpp:87:6: warning: unused variable ‘temp’ [-Wunused-variable]
  int temp =  m_data->at(0);
      ^~~~
../src/heap.cpp:139:1: warning: control reaches end of non-void function [-Wreturn-type]
 }
 ^
Finished building: ../src/heap.cpp
 
Building target: 04_heapSort.exe
Invoking: Cygwin C++ Linker
g++  -o "04_heapSort.exe"  ./src/heap.o ./src/main.o   
Finished building target: 04_heapSort.exe
 
make: warning:  Clock skew detected.  Your build may be incomplete.
16:11:46 **** Incremental Build of configuration Debug for project 04_heapSort ****
Info: Configuration "Debug" uses tool-chain "Cygwin GCC" that is unsupported on this system, attempting to build anyway.
make all 
make: Warning: File 'src/subdir.mk' has modification time 2.5 s in the future
Building file: ../src/main.cpp
Invoking: Cygwin C++ Compiler
g++ -O0 -g3 -Wall -c -fmessage-length=0 -MMD -MP -MF"src/main.d" -MT"src/main.o" -o "src/main.o" "../src/main.cpp"
../src/main.cpp: In function ‘int main(int, char**)’:
../src/main.cpp:30:14: warning: typedef ‘dtype’ locally defined but not used [-Wunused-local-typedefs]
  typedef int dtype;
              ^~~~~
Finished building: ../src/main.cpp
 
Building target: 04_heapSort.exe
Invoking: Cygwin C++ Linker
g++  -o "04_heapSort.exe"  ./src/heap.o ./src/main.o   
Finished building target: 04_heapSort.exe
make: warning:  Clock skew detected.  Your build may be incomplete.
 
16:12:04 **** Incremental Build of configuration Debug for project 04_heapSort ****
Info: Configuration "Debug" uses tool-chain "Cygwin GCC" that is unsupported on this system, attempting to build anyway.
make all 
make: Warning: File 'src/subdir.mk' has modification time 2.4 s in the future
make: warning:  Clock skew detected.  Your build may be incomplete.
make: Nothing to be done for 'all'.
16:15:37 **** Incremental Build of configuration Debug for project 04_heapSort ****
Info: Configuration "Debug" uses tool-chain "Cygwin GCC" that is unsupported on this system, attempting to build anyway.
make all 
make: Warning: File 'src/subdir.mk' has modification time 2.3 s in the future
make: warning:  Clock skew detected.  Your build may be incomplete.
make: Nothing to be done for 'all'.
16:18:11 **** Incremental Build of configuration Debug for project 04_heapSort ****
Info: Configuration "Debug" uses tool-chain "Cygwin GCC" that is unsupported on this system, attempting to build anyway.
make all 
make: Warning: File 'src/subdir.mk' has modification time 2.3 s in the future
Building file: ../src/heap.cpp
Invoking: Cygwin C++ Compiler
g++ -O0 -g3 -Wall -c -fmessage-length=0 -MMD -MP -MF"src/heap.d" -MT"src/heap.o" -o "src/heap.o" "../src/heap.cpp"
../src/heap.cpp: In member function ‘int maosikar::Heap::extract()’:
../src/heap.cpp:87:6: warning: unused variable ‘temp’ [-Wunused-variable]
  int temp =  m_data->at(0);
      ^~~~
../src/heap.cpp:139:1: warning: control reaches end of non-void function [-Wreturn-type]
 }
 ^
Finished building: ../src/heap.cpp
 
Building target: 04_heapSort.exe
Invoking: Cygwin C++ Linker
g++  -o "04_heapSort.exe"  ./src/heap.o ./src/main.o   
Finished building target: 04_heapSort.exe
make: warning:  Clock skew detected.  Your build may be incomplete.
 
16:23:24 **** Incremental Build of configuration Debug for project 04_heapSort ****
Info: Configuration "Debug" uses tool-chain "Cygwin GCC" that is unsupported on this system, attempting to build anyway.
make all 
make: Warning: File 'src/subdir.mk' has modification time 2.1 s in the future
Building file: ../src/heap.cpp
Invoking: Cygwin C++ Compiler
g++ -O0 -g3 -Wall -c -fmessage-length=0 -MMD -MP -MF"src/heap.d" -MT"src/heap.o" -o "src/heap.o" "../src/heap.cpp"
../src/heap.cpp: In member function ‘int maosikar::Heap::extract()’:
../src/heap.cpp:90:6: warning: unused variable ‘temp’ [-Wunused-variable]
  int temp =  m_data->at(0);
      ^~~~
../src/heap.cpp:142:1: warning: control reaches end of non-void function [-Wreturn-type]
 }
 ^
Finished building: ../src/heap.cpp
 
Building target: 04_heapSort.exe
Invoking: Cygwin C++ Linker
g++  -o "04_heapSort.exe"  ./src/heap.o ./src/main.o   
Finished building target: 04_heapSort.exe
 
make: warning:  Clock skew detected.  Your build may be incomplete.
16:23:41 **** Incremental Build of configuration Debug for project 04_heapSort ****
Info: Configuration "Debug" uses tool-chain "Cygwin GCC" that is unsupported on this system, attempting to build anyway.
make all 
make: Warning: File 'src/subdir.mk' has modification time 2.1 s in the future
Building file: ../src/main.cpp
Invoking: Cygwin C++ Compiler
g++ -O0 -g3 -Wall -c -fmessage-length=0 -MMD -MP -MF"src/main.d" -MT"src/main.o" -o "src/main.o" "../src/main.cpp"
../src/main.cpp: In function ‘int main(int, char**)’:
../src/main.cpp:30:14: warning: typedef ‘dtype’ locally defined but not used [-Wunused-local-typedefs]
  typedef int dtype;
              ^~~~~
Finished building: ../src/main.cpp
 
Building target: 04_heapSort.exe
Invoking: Cygwin C++ Linker
g++  -o "04_heapSort.exe"  ./src/heap.o ./src/main.o   
Finished building target: 04_heapSort.exe
 
make: warning:  Clock skew detected.  Your build may be incomplete.
16:24:06 **** Incremental Build of configuration Debug for project 04_heapSort ****
Info: Configuration "Debug" uses tool-chain "Cygwin GCC" that is unsupported on this system, attempting to build anyway.
make all 
make: Warning: File 'src/subdir.mk' has modification time 2.1 s in the future
make: Nothing to be done for 'all'.
make: warning:  Clock skew detected.  Your build may be incomplete.
16:24:11 **** Incremental Build of configuration Debug for project 04_heapSort ****
Info: Configuration "Debug" uses tool-chain "Cygwin GCC" that is unsupported on this system, attempting to build anyway.
make all 
make: Warning: File 'src/subdir.mk' has modification time 2.1 s in the future
make: warning:  Clock skew detected.  Your build may be incomplete.
make: Nothing to be done for 'all'.
16:24:23 **** Incremental Build of configuration Debug for project 04_heapSort ****
Info: Configuration "Debug" uses tool-chain "Cygwin GCC" that is unsupported on this system, attempting to build anyway.
make all 
make: Warning: File 'src/subdir.mk' has modification time 2.1 s in the future
make: warning:  Clock skew detected.  Your build may be incomplete.
make: Nothing to be done for 'all'.
16:25:08 **** Incremental Build of configuration Debug for project 04_heapSort ****
Info: Configuration "Debug" uses tool-chain "Cygwin GCC" that is unsupported on this system, attempting to build anyway.
make all 
make: Warning: File 'src/subdir.mk' has modification time 2.1 s in the future
make: Nothing to be done for 'all'.
make: warning:  Clock skew detected.  Your build may be incomplete.
16:25:12 **** Incremental Build of configuration Debug for project 04_heapSort ****
Info: Configuration "Debug" uses tool-chain "Cygwin GCC" that is unsupported on this system, attempting to build anyway.
make all 
make: Warning: File 'src/subdir.mk' has modification time 2 s in the future
make: Nothing to be done for 'all'.
make: warning:  Clock skew detected.  Your build may be incomplete.
16:25:56 **** Incremental Build of configuration Debug for project 04_heapSort ****
Info: Configuration "Debug" uses tool-chain "Cygwin GCC" that is unsupported on this system, attempting to build anyway.
make all 
make: Warning: File 'src/subdir.mk' has modification time 2 s in the future
make: warning:  Clock skew detected.  Your build may be incomplete.
make: Nothing to be done for 'all'.
16:25:58 **** Incremental Build of configuration Debug for project 04_heapSort ****
Info: Configuration "Debug" uses tool-chain "Cygwin GCC" that is unsupported on this system, attempting to build anyway.
make all 
make: Warning: File 'src/subdir.mk' has modification time 2 s in the future
make: warning:  Clock skew detected.  Your build may be incomplete.
make: Nothing to be done for 'all'.
16:31:57 **** Incremental Build of configuration Debug for project 04_heapSort ****
Info: Configuration "Debug" uses tool-chain "Cygwin GCC" that is unsupported on this system, attempting to build anyway.
make all 
make: Warning: File 'src/subdir.mk' has modification time 1.9 s in the future
Building file: ../src/heap.cpp
Invoking: Cygwin C++ Compiler
g++ -O0 -g3 -Wall -c -fmessage-length=0 -MMD -MP -MF"src/heap.d" -MT"src/heap.o" -o "src/heap.o" "../src/heap.cpp"
Finished building: ../src/heap.cpp
 
Building target: 04_heapSort.exe
Invoking: Cygwin C++ Linker
g++  -o "04_heapSort.exe"  ./src/heap.o ./src/main.o   
Finished building target: 04_heapSort.exe
make: warning:  Clock skew detected.  Your build may be incomplete.
 
16:34:41 **** Incremental Build of configuration Debug for project 04_heapSort ****
Info: Configuration "Debug" uses tool-chain "Cygwin GCC" that is unsupported on this system, attempting to build anyway.
make all 
make: Warning: File 'src/subdir.mk' has modification time 1.8 s in the future
Building file: ../src/heap.cpp
Invoking: Cygwin C++ Compiler
g++ -O0 -g3 -Wall -c -fmessage-length=0 -MMD -MP -MF"src/heap.d" -MT"src/heap.o" -o "src/heap.o" "../src/heap.cpp"
Finished building: ../src/heap.cpp
 
Building target: 04_heapSort.exe
Invoking: Cygwin C++ Linker
g++  -o "04_heapSort.exe"  ./src/heap.o ./src/main.o   
Finished building target: 04_heapSort.exe
 
make: warning:  Clock skew detected.  Your build may be incomplete.
16:48:47 **** Incremental Build of configuration Debug for project 04_heapSort ****
Info: Configuration "Debug" uses tool-chain "Cygwin GCC" that is unsupported on this system, attempting to build anyway.
make all 
make: Warning: File 'src/subdir.mk' has modification time 1.3 s in the future
Building file: ../src/heap.cpp
Invoking: Cygwin C++ Compiler
g++ -O0 -g3 -Wall -c -fmessage-length=0 -MMD -MP -MF"src/heap.d" -MT"src/heap.o" -o "src/heap.o" "../src/heap.cpp"
Finished building: ../src/heap.cpp
 
Building file: ../src/main.cpp
Invoking: Cygwin C++ Compiler
g++ -O0 -g3 -Wall -c -fmessage-length=0 -MMD -MP -MF"src/main.d" -MT"src/main.o" -o "src/main.o" "../src/main.cpp"
../src/main.cpp: In function ‘int main(int, char**)’:
../src/main.cpp:30:14: warning: typedef ‘dtype’ locally defined but not used [-Wunused-local-typedefs]
  typedef int dtype;
              ^~~~~
Finished building: ../src/main.cpp
 
Building target: 04_heapSort.exe
Invoking: Cygwin C++ Linker
g++  -o "04_heapSort.exe"  ./src/heap.o ./src/main.o   
Finished building target: 04_heapSort.exe
 
make: warning:  Clock skew detected.  Your build may be incomplete.
16:49:08 **** Incremental Build of configuration Debug for project 04_heapSort ****
Info: Configuration "Debug" uses tool-chain "Cygwin GCC" that is unsupported on this system, attempting to build anyway.
make all 
make: Warning: File 'src/subdir.mk' has modification time 1.3 s in the future
Building file: ../src/main.cpp
Invoking: Cygwin C++ Compiler
g++ -O0 -g3 -Wall -c -fmessage-length=0 -MMD -MP -MF"src/main.d" -MT"src/main.o" -o "src/main.o" "../src/main.cpp"
../src/main.cpp: In function ‘int main(int, char**)’:
../src/main.cpp:30:14: warning: typedef ‘dtype’ locally defined but not used [-Wunused-local-typedefs]
  typedef int dtype;
              ^~~~~
Finished building: ../src/main.cpp
 
Building target: 04_heapSort.exe
Invoking: Cygwin C++ Linker
g++  -o "04_heapSort.exe"  ./src/heap.o ./src/main.o   
Finished building target: 04_heapSort.exe
 
make: warning:  Clock skew detected.  Your build may be incomplete.
16:49:15 **** Incremental Build of configuration Debug for project 04_heapSort ****
Info: Configuration "Debug" uses tool-chain "Cygwin GCC" that is unsupported on this system, attempting to build anyway.
make all 
make: Warning: File 'src/subdir.mk' has modification time 1.3 s in the future
Building file: ../src/main.cpp
Invoking: Cygwin C++ Compiler
g++ -O0 -g3 -Wall -c -fmessage-length=0 -MMD -MP -MF"src/main.d" -MT"src/main.o" -o "src/main.o" "../src/main.cpp"
../src/main.cpp: In function ‘int main(int, char**)’:
../src/main.cpp:30:14: warning: typedef ‘dtype’ locally defined but not used [-Wunused-local-typedefs]
  typedef int dtype;
              ^~~~~
Finished building: ../src/main.cpp
 
Building target: 04_heapSort.exe
Invoking: Cygwin C++ Linker
g++  -o "04_heapSort.exe"  ./src/heap.o ./src/main.o   
Finished building target: 04_heapSort.exe
make: warning:  Clock skew detected.  Your build may be incomplete.
 
